<?xml version="1.0" encoding="UTF-8" standalone="yes"?>
<testsuite name="Surefire test" timestamp="2018-06-19T13:43:36.594-03:00" hostname="diego-note" tests="2" failures="0" errors="0">
    <properties>
        <property name="errors" value="0"/>
        <property name="failures" value="0"/>
        <property name="ignored" value="2"/>
    </properties>
    <testcase name="@BeforeMethod setup" classname="com.github.diegolovison.testngreporter.BarTest" time="5"/>
    <testcase name="@BeforeClass prepareTest2" classname="com.github.diegolovison.testngreporter.FooTest" time="0"/>
    <testcase name="a" classname="com.github.diegolovison.testngreporter.BarTest" time="2"/>
    <testcase name="b" classname="com.github.diegolovison.testngreporter.FooTest" time="0"/>
    <system-out></system-out>
</testsuite>
