<?xml version="1.0" encoding="UTF-8"?>
<!-- Generated by org.testng.reporters.JUnitXMLReporter -->
<testsuite hostname="diego-note" ignored="1" name="Surefire test" tests="2" failures="0" timestamp="12 jun 2018 18:45:54 GMT" time="0.049" errors="0">
  <testcase name="a" time="0.003" classname="com.github.diegolovison.testngreporter.BarTest"/>
  <testcase name="b" time="0.001" classname="com.github.diegolovison.testngreporter.FooTest"/>
  <testcase name="a" time="0.0" classname="com.github.diegolovison.testngreporter.FooTest">
    <ignored/>
  </testcase> <!-- a -->
</testsuite> <!-- Surefire test -->
